This is pdfTeX, Version 3.141592653-2.6-1.40.22 (MiKTeX 21.2) (preloaded format=pdflatex 2021.4.7)  23 MAR 2022 17:38
entering extended mode
**"c:/Users/CarlosM/Desktop/Inteligencia de Negocios/I UNIDAD/Comparative_BI_VS_BA/Comparativa_BA_BI.tex"
(c:/Users/CarlosM/Desktop/Inteligencia de Negocios/I UNIDAD/Comparative_BI_VS_BA/Comparativa_BA_BI.tex
LaTeX2e <2020-10-01> patch level 4
L3 programming layer <2021-02-18> xparse <2020-03-03> (C:\Program Files\MiKTeX\tex/latex/base\article.cls
Document Class: article 2020/04/10 v1.4m Standard LaTeX document class
(C:\Program Files\MiKTeX\tex/latex/base\size10.clo
File: size10.clo 2020/04/10 v1.4m Standard LaTeX file (size option)
)
\c@part=\count179
\c@section=\count180
\c@subsection=\count181
\c@subsubsection=\count182
\c@paragraph=\count183
\c@subparagraph=\count184
\c@figure=\count185
\c@table=\count186
\abovecaptionskip=\skip47
\belowcaptionskip=\skip48
\bibindent=\dimen138
) (C:\Program Files\MiKTeX\tex/latex/blindtext\blindtext.sty
Package: blindtext 2012/01/06 V2.0 blindtext-Package
 (C:\Program Files\MiKTeX\tex/latex/latex-tools\xspace.sty
Package: xspace 2014/10/28 v1.13 Space after command names (DPC,MH)
)
\c@blindtext=\count187
\c@Blindtext=\count188
\c@blind@countparstart=\count189
\blind@countxx=\count190
\blindtext@numBlindtext=\count191
\blind@countyy=\count192
\c@blindlist=\count193
\c@blindlistlevel=\count194
\c@blindlist@level=\count195
\blind@listitem=\count196
\c@blind@listcount=\count197
\c@blind@levelcount=\count198
\blind@mathformula=\count199
\blind@Mathformula=\count266
\c@blind@randomcount=\count267
\c@blind@randommax=\count268
\c@blind@pangramcount=\count269
\c@blind@pangrammax=\count270
) (C:\Program Files\MiKTeX\tex/latex/graphics\graphicx.sty
Package: graphicx 2020/09/09 v1.2b Enhanced LaTeX Graphics (DPC,SPQR)
 (C:\Program Files\MiKTeX\tex/latex/graphics\keyval.sty
Package: keyval 2014/10/28 v1.15 key=value parser (DPC)
\KV@toks@=\toks15
) (C:\Program Files\MiKTeX\tex/latex/graphics\graphics.sty
Package: graphics 2020/08/30 v1.4c Standard LaTeX Graphics (DPC,SPQR)
 (C:\Program Files\MiKTeX\tex/latex/graphics\trig.sty
Package: trig 2016/01/03 v1.10 sin cos tan (DPC)
) (C:\Program Files\MiKTeX\tex/latex/graphics-cfg\graphics.cfg
File: graphics.cfg 2016/06/04 v1.11 sample graphics configuration
)
Package graphics Info: Driver file: pdftex.def on input line 105.
 (C:\Program Files\MiKTeX\tex/latex/graphics-def\pdftex.def
File: pdftex.def 2020/10/05 v1.2a Graphics/color driver for pdftex
))
\Gin@req@height=\dimen139
\Gin@req@width=\dimen140
) (C:\Users\CarlosM\AppData\Roaming\MiKTeX\tex/latex/psnfss\mathpazo.sty
Package: mathpazo 2020/03/25 PSNFSS-v9.3 Palatino w/ Pazo Math (D.Puga, WaS) 
\symupright=\mathgroup4
) (C:\Program Files\MiKTeX\tex/latex/base\fontenc.sty
Package: fontenc 2020/08/10 v2.0s Standard LaTeX package
LaTeX Font Info:    Trying to load font information for T1+pplx on input line 112.
 (C:\Users\CarlosM\AppData\Roaming\MiKTeX\tex/latex/psnfss\t1pplx.fd
File: t1pplx.fd 2004/09/06 font definitions for T1/pplx.
)) (C:\Users\CarlosM\AppData\Roaming\MiKTeX\tex/latex/microtype\microtype.sty
Package: microtype 2021/03/14 v2.8c Micro-typographical refinements (RS)
\MT@toks=\toks16
\MT@count=\count271
LaTeX Info: Redefining \textls on input line 790.
\MT@outer@kern=\dimen141
LaTeX Info: Redefining \textmicrotypecontext on input line 1374.
\MT@listname@count=\count272
 (C:\Users\CarlosM\AppData\Roaming\MiKTeX\tex/latex/microtype\microtype-pdftex.def
File: microtype-pdftex.def 2021/03/14 v2.8c Definitions specific to pdftex (RS)
LaTeX Info: Redefining \lsstyle on input line 915.
LaTeX Info: Redefining \lslig on input line 915.
\MT@outer@space=\skip49
)
Package microtype Info: Loading configuration file microtype.cfg.
 (C:\Users\CarlosM\AppData\Roaming\MiKTeX\tex/latex/microtype\microtype.cfg
File: microtype.cfg 2021/03/14 v2.8c microtype main configuration file (RS)
)) (C:\Program Files\MiKTeX\tex/generic/babel\babel.sty
Package: babel 2021/01/26 3.53 The Babel package
 (C:\Program Files\MiKTeX\tex/generic/babel\babel.def
File: babel.def 2021/01/26 3.53 Babel common definitions
\babel@savecnt=\count273
\U@D=\dimen142
\l@babelnohyphens=\language79
 (C:\Program Files\MiKTeX\tex/generic/babel\txtbabel.def)
\bbl@readstream=\read2
)
\bbl@dirlevel=\count274

*************************************
* Local config file bblopts.cfg used
*
(C:\Program Files\MiKTeX\tex/latex/arabi\bblopts.cfg
File: bblopts.cfg 2005/09/08 v0.1 add Arabic and Farsi to "declared" options of babel
) (C:\Program Files\MiKTeX\tex/latex/babel-english\english.ldf
Language: english 2017/06/06 v3.3r English support from the babel system
Package babel Info: \l@canadian = using hyphenrules for english
(babel)             (\language0) on input line 102.
Package babel Info: \l@australian = using hyphenrules for ukenglish
(babel)             (\language73) on input line 105.
Package babel Info: \l@newzealand = using hyphenrules for ukenglish
(babel)             (\language73) on input line 108.
)) (C:\Users\CarlosM\AppData\Roaming\MiKTeX\tex/latex/geometry\geometry.sty
Package: geometry 2020/01/02 v5.9 Page Geometry
 (C:\Program Files\MiKTeX\tex/generic/iftex\ifvtex.sty
Package: ifvtex 2019/10/25 v1.7 ifvtex legacy package. Use iftex instead.
 (C:\Program Files\MiKTeX\tex/generic/iftex\iftex.sty
Package: iftex 2020/03/06 v1.0d TeX engine tests
))
\Gm@cnth=\count275
\Gm@cntv=\count276
\c@Gm@tempcnt=\count277
\Gm@bindingoffset=\dimen143
\Gm@wd@mp=\dimen144
\Gm@odd@mp=\dimen145
\Gm@even@mp=\dimen146
\Gm@layoutwidth=\dimen147
\Gm@layoutheight=\dimen148
\Gm@layouthoffset=\dimen149
\Gm@layoutvoffset=\dimen150
\Gm@dimlist=\toks17
 (C:\Users\CarlosM\AppData\Roaming\MiKTeX\tex/latex/geometry\geometry.cfg)) (C:\Users\CarlosM\AppData\Roaming\MiKTeX\tex/latex/caption\caption.sty
Package: caption 2020/10/26 v3.5g Customizing captions (AR)
 (C:\Users\CarlosM\AppData\Roaming\MiKTeX\tex/latex/caption\caption3.sty
Package: caption3 2020/10/21 v2.2e caption3 kernel (AR)
\captionmargin=\dimen151
\captionmargin@=\dimen152
\captionwidth=\dimen153
\caption@tempdima=\dimen154
\caption@indent=\dimen155
\caption@parindent=\dimen156
\caption@hangindent=\dimen157
Package caption Info: Standard document class detected.
)
\c@caption@flags=\count278
\c@continuedfloat=\count279
) (C:\Users\CarlosM\AppData\Roaming\MiKTeX\tex/latex/booktabs\booktabs.sty
Package: booktabs 2020/01/12 v1.61803398 Publication quality tables
\heavyrulewidth=\dimen158
\lightrulewidth=\dimen159
\cmidrulewidth=\dimen160
\belowrulesep=\dimen161
\belowbottomsep=\dimen162
\aboverulesep=\dimen163
\abovetopsep=\dimen164
\cmidrulesep=\dimen165
\cmidrulekern=\dimen166
\defaultaddspace=\dimen167
\@cmidla=\count280
\@cmidlb=\count281
\@aboverulesep=\dimen168
\@belowrulesep=\dimen169
\@thisruleclass=\count282
\@lastruleclass=\count283
\@thisrulewidth=\dimen170
) (C:\Users\CarlosM\AppData\Roaming\MiKTeX\tex/latex/lettrine\lettrine.sty
File: lettrine.sty 2020-03-14 v2.23 (Daniel Flipo)
 (C:\Users\CarlosM\AppData\Roaming\MiKTeX\tex/generic/minifp\minifp.sty
Package: minifp 2013/12/30 v0.96. Macros for real number operations and a stack-based programing language.
\MFP@loopctr=\count284
)
\c@DefaultLines=\count285
\c@DefaultDepth=\count286
\DefaultFindent=\dimen171
\DefaultNindent=\dimen172
\DefaultSlope=\dimen173
\DiscardVskip=\dimen174
\L@lbox=\box47
\L@tbox=\box48
\c@L@lines=\count287
\c@L@depth=\count288
\L@Pindent=\dimen175
\L@Findent=\dimen176
\L@Nindent=\dimen177
\L@lraise=\dimen178
\L@first=\dimen179
\L@next=\dimen180
\L@slope=\dimen181
\L@height=\dimen182
\L@novskip=\dimen183
\L@target@ht=\dimen184
\L@target@dp=\dimen185
\L@target@tht=\dimen186
\LettrineWidth=\dimen187
\LettrineHeight=\dimen188
\LettrineDepth=\dimen189
\Llist@everypar=\toks18

Loading lettrine.cfg
(C:\Users\CarlosM\AppData\Roaming\MiKTeX\tex/latex/lettrine\lettrine.cfg)) (C:\Users\CarlosM\AppData\Roaming\MiKTeX\tex/latex/enumitem\enumitem.sty
Package: enumitem 2019/06/20 v3.9 Customized lists
\labelindent=\skip50
\enit@outerparindent=\dimen190
\enit@toks=\toks19
\enit@inbox=\box49
\enit@count@id=\count289
\enitdp@description=\count290
) (C:\Users\CarlosM\AppData\Roaming\MiKTeX\tex/latex/abstract\abstract.sty
Package: abstract 2009/06/08 v1.2a configurable abstracts
\abstitleskip=\skip51
\absleftindent=\skip52
\absrightindent=\skip53
\absparindent=\skip54
\absparsep=\skip55
) (C:\Users\CarlosM\AppData\Roaming\MiKTeX\tex/latex/titlesec\titlesec.sty
Package: titlesec 2021/07/05 v2.14 Sectioning titles
\ttl@box=\box50
\beforetitleunit=\skip56
\aftertitleunit=\skip57
\ttl@plus=\dimen191
\ttl@minus=\dimen192
\ttl@toksa=\toks20
\titlewidth=\dimen193
\titlewidthlast=\dimen194
\titlewidthfirst=\dimen195
) (C:\Users\CarlosM\AppData\Roaming\MiKTeX\tex/latex/fancyhdr\fancyhdr.sty
Package: fancyhdr 2021/01/28 v4.0.1 Extensive control of page headers and footers
\f@nch@headwidth=\skip58
\f@nch@O@elh=\skip59
\f@nch@O@erh=\skip60
\f@nch@O@olh=\skip61
\f@nch@O@orh=\skip62
\f@nch@O@elf=\skip63
\f@nch@O@erf=\skip64
\f@nch@O@olf=\skip65
\f@nch@O@orf=\skip66
) (C:\Users\CarlosM\AppData\Roaming\MiKTeX\tex/latex/titling\titling.sty
Package: titling 2009/09/04 v2.1d maketitle typesetting
\thanksmarkwidth=\skip67
\thanksmargin=\skip68
\droptitle=\skip69
) (C:\Program Files\MiKTeX\tex/latex/hyperref\hyperref.sty
Package: hyperref 2021-02-10 v7.00j Hypertext links for LaTeX
 (C:\Users\CarlosM\AppData\Roaming\MiKTeX\tex/generic/ltxcmds\ltxcmds.sty
Package: ltxcmds 2020-05-10 v1.25 LaTeX kernel commands for general use (HO)
) (C:\Program Files\MiKTeX\tex/generic/pdftexcmds\pdftexcmds.sty
Package: pdftexcmds 2020-06-27 v0.33 Utility functions of pdfTeX for LuaTeX (HO)
 (C:\Users\CarlosM\AppData\Roaming\MiKTeX\tex/generic/infwarerr\infwarerr.sty
Package: infwarerr 2019/12/03 v1.5 Providing info/warning/error messages (HO)
)
Package pdftexcmds Info: \pdf@primitive is available.
Package pdftexcmds Info: \pdf@ifprimitive is available.
Package pdftexcmds Info: \pdfdraftmode found.
) (C:\Users\CarlosM\AppData\Roaming\MiKTeX\tex/generic/kvsetkeys\kvsetkeys.sty
Package: kvsetkeys 2019/12/15 v1.18 Key value parser (HO)
) (C:\Users\CarlosM\AppData\Roaming\MiKTeX\tex/generic/kvdefinekeys\kvdefinekeys.sty
Package: kvdefinekeys 2019-12-19 v1.6 Define keys (HO)
) (C:\Users\CarlosM\AppData\Roaming\MiKTeX\tex/generic/pdfescape\pdfescape.sty
Package: pdfescape 2019/12/09 v1.15 Implements pdfTeX's escape features (HO)
) (C:\Users\CarlosM\AppData\Roaming\MiKTeX\tex/latex/hycolor\hycolor.sty
Package: hycolor 2020-01-27 v1.10 Color options for hyperref/bookmark (HO)
) (C:\Users\CarlosM\AppData\Roaming\MiKTeX\tex/latex/letltxmacro\letltxmacro.sty
Package: letltxmacro 2019/12/03 v1.6 Let assignment for LaTeX macros (HO)
) (C:\Users\CarlosM\AppData\Roaming\MiKTeX\tex/latex/auxhook\auxhook.sty
Package: auxhook 2019-12-17 v1.6 Hooks for auxiliary files (HO)
) (C:\Users\CarlosM\AppData\Roaming\MiKTeX\tex/latex/kvoptions\kvoptions.sty
Package: kvoptions 2020-10-07 v3.14 Key value format for package options (HO)
)
\@linkdim=\dimen196
\Hy@linkcounter=\count291
\Hy@pagecounter=\count292
 (C:\Program Files\MiKTeX\tex/latex/hyperref\pd1enc.def
File: pd1enc.def 2021-02-10 v7.00j Hyperref: PDFDocEncoding definition (HO)
Now handling font encoding PD1 ...
... no UTF-8 mapping file for font encoding PD1
) (C:\Program Files\MiKTeX\tex/latex/hyperref\hyperref-langpatches.def
File: hyperref-langpatches.def 2021-02-10 v7.00j Hyperref: patches for babel languages
) (C:\Users\CarlosM\AppData\Roaming\MiKTeX\tex/generic/intcalc\intcalc.sty
Package: intcalc 2019/12/15 v1.3 Expandable calculations with integers (HO)
) (C:\Users\CarlosM\AppData\Roaming\MiKTeX\tex/generic/etexcmds\etexcmds.sty
Package: etexcmds 2019/12/15 v1.7 Avoid name clashes with e-TeX commands (HO)
)
\Hy@SavedSpaceFactor=\count293
 (C:\Program Files\MiKTeX\tex/latex/hyperref\puenc.def
File: puenc.def 2021-02-10 v7.00j Hyperref: PDF Unicode definition (HO)
Now handling font encoding PU ...
... no UTF-8 mapping file for font encoding PU
)
Package hyperref Info: Hyper figures OFF on input line 4192.
Package hyperref Info: Link nesting OFF on input line 4197.
Package hyperref Info: Hyper index ON on input line 4200.
Package hyperref Info: Plain pages OFF on input line 4207.
Package hyperref Info: Backreferencing OFF on input line 4212.
Package hyperref Info: Implicit mode ON; LaTeX internals redefined.
Package hyperref Info: Bookmarks ON on input line 4445.
\c@Hy@tempcnt=\count294
 (C:\Program Files\MiKTeX\tex/latex/url\url.sty
\Urlmuskip=\muskip16
Package: url 2013/09/16  ver 3.4  Verb mode for urls, etc.
)
LaTeX Info: Redefining \url on input line 4804.
\XeTeXLinkMargin=\dimen197
 (C:\Users\CarlosM\AppData\Roaming\MiKTeX\tex/generic/bitset\bitset.sty
Package: bitset 2019/12/09 v1.3 Handle bit-vector datatype (HO)
 (C:\Users\CarlosM\AppData\Roaming\MiKTeX\tex/generic/bigintcalc\bigintcalc.sty
Package: bigintcalc 2019/12/15 v1.5 Expandable calculations on big integers (HO)
))
\Fld@menulength=\count295
\Field@Width=\dimen198
\Fld@charsize=\dimen199
Package hyperref Info: Hyper figures OFF on input line 6075.
Package hyperref Info: Link nesting OFF on input line 6080.
Package hyperref Info: Hyper index ON on input line 6083.
Package hyperref Info: backreferencing OFF on input line 6090.
Package hyperref Info: Link coloring OFF on input line 6095.
Package hyperref Info: Link coloring with OCG OFF on input line 6100.
Package hyperref Info: PDF/A mode OFF on input line 6105.
LaTeX Info: Redefining \ref on input line 6145.
LaTeX Info: Redefining \pageref on input line 6149.
 (C:\Program Files\MiKTeX\tex/latex/base\atbegshi-ltx.sty
Package: atbegshi-ltx 2020/08/17 v1.0a Emulation of the original atbegshi package
with kernel methods
)
\Hy@abspage=\count296
\c@Item=\count297
\c@Hfootnote=\count298
)
Package hyperref Info: Driver (autodetected): hpdftex.
 (C:\Program Files\MiKTeX\tex/latex/hyperref\hpdftex.def
File: hpdftex.def 2021-02-10 v7.00j Hyperref driver for pdfTeX
 (C:\Program Files\MiKTeX\tex/latex/base\atveryend-ltx.sty
Package: atveryend-ltx 2020/08/19 v1.0a Emulation of the original atvery package
with kernel methods
)
\Fld@listcount=\count299
\c@bookmark@seq@number=\count300
 (C:\Users\CarlosM\AppData\Roaming\MiKTeX\tex/latex/rerunfilecheck\rerunfilecheck.sty
Package: rerunfilecheck 2019/12/05 v1.9 Rerun checks for auxiliary files (HO)
 (C:\Users\CarlosM\AppData\Roaming\MiKTeX\tex/generic/uniquecounter\uniquecounter.sty
Package: uniquecounter 2019/12/15 v1.4 Provide unlimited unique counter (HO)
)
Package uniquecounter Info: New unique counter `rerunfilecheck' on input line 286.
)
\Hy@SectionHShift=\skip70
) (C:\Program Files\MiKTeX\tex/latex/l3backend\l3backend-pdftex.def
File: l3backend-pdftex.def 2021-02-18 L3 backend support: PDF output (pdfTeX)
\l__color_backend_stack_int=\count301
\l__pdf_internal_box=\box51
) (c:/Users\CarlosM\Desktop\Inteligencia de Negocios\I UNIDAD\Comparative_BI_VS_BA\build\Comparativa_BA_BI.aux

LaTeX Warning: Label `-' multiply defined.


LaTeX Warning: Label `-' multiply defined.


LaTeX Warning: Label `-' multiply defined.


LaTeX Warning: Label `-' multiply defined.


LaTeX Warning: Label `-' multiply defined.


LaTeX Warning: Label `-' multiply defined.


LaTeX Warning: Label `-' multiply defined.


LaTeX Warning: Label `-' multiply defined.


LaTeX Warning: Label `-' multiply defined.

)
\openout1 = `Comparativa_BA_BI.aux'.

LaTeX Font Info:    Checking defaults for OML/cmm/m/it on input line 54.
LaTeX Font Info:    ... okay on input line 54.
LaTeX Font Info:    Checking defaults for OMS/cmsy/m/n on input line 54.
LaTeX Font Info:    ... okay on input line 54.
LaTeX Font Info:    Checking defaults for OT1/cmr/m/n on input line 54.
LaTeX Font Info:    ... okay on input line 54.
LaTeX Font Info:    Checking defaults for T1/cmr/m/n on input line 54.
LaTeX Font Info:    ... okay on input line 54.
LaTeX Font Info:    Checking defaults for TS1/cmr/m/n on input line 54.
LaTeX Font Info:    ... okay on input line 54.
LaTeX Font Info:    Checking defaults for OMX/cmex/m/n on input line 54.
LaTeX Font Info:    ... okay on input line 54.
LaTeX Font Info:    Checking defaults for U/cmr/m/n on input line 54.
LaTeX Font Info:    ... okay on input line 54.
LaTeX Font Info:    Checking defaults for PD1/pdf/m/n on input line 54.
LaTeX Font Info:    ... okay on input line 54.
LaTeX Font Info:    Checking defaults for PU/pdf/m/n on input line 54.
LaTeX Font Info:    ... okay on input line 54.
 (C:\Program Files\MiKTeX\tex/context/base/mkii\supp-pdf.mkii
[Loading MPS to PDF converter (version 2006.09.02).]
\scratchcounter=\count302
\scratchdimen=\dimen256
\scratchbox=\box52
\nofMPsegments=\count303
\nofMParguments=\count304
\everyMPshowfont=\toks21
\MPscratchCnt=\count305
\MPscratchDim=\dimen257
\MPnumerator=\count306
\makeMPintoPDFobject=\count307
\everyMPtoPDFconversion=\toks22
) (C:\Program Files\MiKTeX\tex/latex/epstopdf-pkg\epstopdf-base.sty
Package: epstopdf-base 2020-01-24 v2.11 Base part for package epstopdf
Package epstopdf-base Info: Redefining graphics rule for `.eps' on input line 485.
)
\big@size=\dimen258
LaTeX Info: Redefining \microtypecontext on input line 54.
Package microtype Info: Generating PDF output.
Package microtype Info: Character protrusion enabled (level 2).
Package microtype Info: Using default protrusion set `alltext'.
Package microtype Info: Automatic font expansion enabled (level 2),
(microtype)             stretch: 20, shrink: 20, step: 1, non-selected.
Package microtype Info: Using default expansion set `alltext-nott'.
LaTeX Info: Redefining \showhyphens on input line 54.
Package microtype Info: No adjustment of tracking.
Package microtype Info: No adjustment of interword spacing.
Package microtype Info: No adjustment of character kerning.
 (C:\Users\CarlosM\AppData\Roaming\MiKTeX\tex/latex/microtype\mt-ppl.cfg
File: mt-ppl.cfg 2005/11/16 v1.6 microtype config. file: Palatino (RS)
)
*geometry* driver: auto-detecting
*geometry* detected driver: pdftex
*geometry* verbose mode - [ preamble ] result:
* driver: pdftex
* paper: <default>
* layout: <same size as paper>
* layoutoffset:(h,v)=(0.0pt,0.0pt)
* hratio: 1:1
* modes: twoside 
* h-part:(L,W,R)=(92.14519pt, 430.00462pt, 92.14519pt)
* v-part:(T,H,B)=(91.04881pt, 608.5238pt, 95.39737pt)
* \paperwidth=614.295pt
* \paperheight=794.96999pt
* \textwidth=430.00462pt
* \textheight=608.5238pt
* \oddsidemargin=19.8752pt
* \evensidemargin=19.8752pt
* \topmargin=-18.22118pt
* \headheight=12.0pt
* \headsep=25.0pt
* \topskip=10.0pt
* \footskip=30.0pt
* \marginparwidth=48.0pt
* \marginparsep=10.0pt
* \columnsep=20.0pt
* \skip\footins=9.0pt plus 4.0pt minus 2.0pt
* \hoffset=0.0pt
* \voffset=0.0pt
* \mag=1000
* \@twocolumntrue
* \@twosidetrue
* \@mparswitchtrue
* \@reversemarginfalse
* (1in=72.27pt=25.4mm, 1cm=28.453pt)

Package caption Info: Begin \AtBeginDocument code.
Package caption Info: hyperref package is loaded.
Package caption Info: End \AtBeginDocument code.
Package hyperref Info: Link coloring OFF on input line 54.
(C:\Program Files\MiKTeX\tex/latex/hyperref\nameref.sty
Package: nameref 2021-04-02 v2.47 Cross-referencing by name of section
 (C:\Users\CarlosM\AppData\Roaming\MiKTeX\tex/latex/refcount\refcount.sty
Package: refcount 2019/12/15 v3.6 Data extraction from label references (HO)
) (C:\Users\CarlosM\AppData\Roaming\MiKTeX\tex/generic/gettitlestring\gettitlestring.sty
Package: gettitlestring 2019/12/15 v1.6 Cleanup title references (HO)
)
\c@section@level=\count308
)
LaTeX Info: Redefining \ref on input line 54.
LaTeX Info: Redefining \pageref on input line 54.
LaTeX Info: Redefining \nameref on input line 54.
 (c:/Users\CarlosM\Desktop\Inteligencia de Negocios\I UNIDAD\Comparative_BI_VS_BA\build\Comparativa_BA_BI.out) (c:/Users\CarlosM\Desktop\Inteligencia de Negocios\I UNIDAD\Comparative_BI_VS_BA\build\Comparativa_BA_BI.out)
\@outlinefile=\write3
\openout3 = `Comparativa_BA_BI.out'.

<imagenes/logo.png, id=83, 149.05687pt x 185.19188pt>
File: imagenes/logo.png Graphic file (type png)
<use imagenes/logo.png>
Package pdftex.def Info: imagenes/logo.png  used on input line 61.
(pdftex.def)             Requested size: 142.26378pt x 176.76205pt.
 [1


{C:/Users/CarlosM/AppData/Local/MiKTeX/pdftex/config/pdftex.map} <./imagenes/logo.png>]
LaTeX Font Info:    Trying to load font information for OT1+pplx on input line 139.
 (C:\Users\CarlosM\AppData\Roaming\MiKTeX\tex/latex/psnfss\ot1pplx.fd
File: ot1pplx.fd 2004/09/06 font definitions for OT1/pplx.
)
LaTeX Font Info:    Trying to load font information for OML+zplm on input line 139.
 (C:\Users\CarlosM\AppData\Roaming\MiKTeX\tex/latex/psnfss\omlzplm.fd
File: omlzplm.fd 2002/09/08 Fontinst v1.914 font definitions for OML/zplm.
)
LaTeX Font Info:    Trying to load font information for OMS+zplm on input line 139.
 (C:\Users\CarlosM\AppData\Roaming\MiKTeX\tex/latex/psnfss\omszplm.fd
File: omszplm.fd 2002/09/08 Fontinst v1.914 font definitions for OMS/zplm.
)
LaTeX Font Info:    Trying to load font information for OMX+zplm on input line 139.
 (C:\Users\CarlosM\AppData\Roaming\MiKTeX\tex/latex/psnfss\omxzplm.fd
File: omxzplm.fd 2002/09/08 Fontinst v1.914 font definitions for OMX/zplm.
)
LaTeX Font Info:    Trying to load font information for OT1+zplm on input line 139.
 (C:\Users\CarlosM\AppData\Roaming\MiKTeX\tex/latex/psnfss\ot1zplm.fd
File: ot1zplm.fd 2002/09/08 Fontinst v1.914 font definitions for OT1/zplm.
)
Package microtype Info: Loading generic protrusion settings for font family
(microtype)             `zplm' (encoding: OT1).
(microtype)             For optimal results, create family-specific settings.
(microtype)             See the microtype manual for details.


LaTeX Warning: No \author given.

Package microtype Info: Character `029' is missing
(microtype)             in font `T1/pplx/m/sc/12'.
(microtype)             Ignoring protrusion settings for this character.
[2


]
LaTeX Font Info:    Trying to load font information for TS1+pplx on input line 192.
 (C:\Users\CarlosM\AppData\Roaming\MiKTeX\tex/latex/psnfss\ts1pplx.fd
File: ts1pplx.fd 2004/09/06 font definitions for TS1/pplx.
)
<imagenes/img1.png, id=97, 206.27063pt x 195.73125pt>
File: imagenes/img1.png Graphic file (type png)
<use imagenes/img1.png>
Package pdftex.def Info: imagenes/img1.png  used on input line 207.
(pdftex.def)             Requested size: 170.71652pt x 161.99695pt.
 [3 <./imagenes/img1.png>]
<imagenes/data.png, id=103, 472.76625pt x 379.4175pt>
File: imagenes/data.png Graphic file (type png)
<use imagenes/data.png>
Package pdftex.def Info: imagenes/data.png  used on input line 228.
(pdftex.def)             Requested size: 199.16928pt x 159.84636pt.

Underfull \hbox (badness 2717) in paragraph at lines 234--235
[]\T1/pplx/m/n/10 (+20) Herramientas OLAP: Per-miten a los
 []


Underfull \hbox (badness 4391) in paragraph at lines 236--237
[]\T1/pplx/m/n/10 (+20) Herramientas de plan-i-fi-cación, mod-
 []

<imagenes/plataformas.png, id=104, 305.64188pt x 308.65312pt>
File: imagenes/plataformas.png Graphic file (type png)
<use imagenes/plataformas.png>
Package pdftex.def Info: imagenes/plataformas.png  used on input line 241.
(pdftex.def)             Requested size: 199.16928pt x 201.13078pt.
<imagenes/comparativa.png, id=106, 338.01282pt x 256.70906pt>
File: imagenes/comparativa.png Graphic file (type png)
<use imagenes/comparativa.png>
Package pdftex.def Info: imagenes/comparativa.png  used on input line 242.
(pdftex.def)             Requested size: 199.16928pt x 151.26509pt.

Underfull \hbox (badness 10000) in paragraph at lines 241--243
[]
 []

[4 <./imagenes/data.png> <./imagenes/plataformas.png> <./imagenes/comparativa.png>]
<imagenes/tipos.png, id=113, 260.47313pt x 142.28156pt>
File: imagenes/tipos.png Graphic file (type png)
<use imagenes/tipos.png>
Package pdftex.def Info: imagenes/tipos.png  used on input line 268.
(pdftex.def)             Requested size: 199.16928pt x 108.79509pt.
<imagenes/actividades.png, id=114, 350.05782pt x 209.28188pt>
File: imagenes/actividades.png Graphic file (type png)
<use imagenes/actividades.png>
Package pdftex.def Info: imagenes/actividades.png  used on input line 271.
(pdftex.def)             Requested size: 199.16928pt x 119.07474pt.
 [5 <./imagenes/tipos.png> <./imagenes/actividades.png>]
Underfull \hbox (badness 3417) in paragraph at lines 278--279
[]\T1/pplx/m/n/10 (+20) Clasificación y re-cu-peración de con-
 []

<imagenes/tomadecisiones.png, id=121, 382.42876pt x 359.84438pt>
File: imagenes/tomadecisiones.png Graphic file (type png)
<use imagenes/tomadecisiones.png>
Package pdftex.def Info: imagenes/tomadecisiones.png  used on input line 284.
(pdftex.def)             Requested size: 199.16928pt x 187.40567pt.

Underfull \hbox (badness 1248) in paragraph at lines 282--285
\T1/pplx/m/n/10 (+20) El pro-ceso BA puede re-solver prob-le-mas
 []

<imagenes/comparativa1.png, id=122, 426.84468pt x 179.92218pt>
File: imagenes/comparativa1.png Graphic file (type png)
<use imagenes/comparativa1.png>
Package pdftex.def Info: imagenes/comparativa1.png  used on input line 289.
(pdftex.def)             Requested size: 199.16928pt x 83.95395pt.
<imagenes/comparativa2.png, id=123, 408.77719pt x 328.97906pt>
File: imagenes/comparativa2.png Graphic file (type png)
<use imagenes/comparativa2.png>
Package pdftex.def Info: imagenes/comparativa2.png  used on input line 290.
(pdftex.def)             Requested size: 199.16928pt x 160.29256pt.

Underfull \hbox (badness 10000) in paragraph at lines 286--291
[]
 []


Underfull \vbox (badness 10000) has occurred while \output is active []

 [6 <./imagenes/tomadecisiones.png> <./imagenes/comparativa1.png> <./imagenes/comparativa2.png>]
Underfull \hbox (badness 10000) in paragraph at lines 308--309
[]\T1/pplx/m/n/10 (+20) Business In-tel-li-gence: Trans-
 []


Underfull \hbox (badness 5077) in paragraph at lines 308--309
\T1/pplx/m/n/10 (+20) for-mando la forma de hacer
 []


Underfull \hbox (badness 10000) in paragraph at lines 308--309
\T1/pplx/m/n/10 (+20) ne-go-cio a través de los
 []


Underfull \hbox (badness 10000) in paragraph at lines 308--309
\T1/pplx/m/n/10 (+20) datos. (n.d.). Re-trieved from
 []


Overfull \hbox (250.18686pt too wide) in paragraph at lines 308--309
\T1/pplx/m/n/10 (-20) https://www.pwc.com/ve/es/publicaciones/assets/PublicacionesNew/Boletines/Business 
 []


Underfull \hbox (badness 10000) in paragraph at lines 310--311
[]\T1/pplx/m/n/10 (+20) Roig, J. (n.d.). Analítica
 []


Underfull \hbox (badness 10000) in paragraph at lines 310--311
\T1/pplx/m/n/10 (+20) de ne-go-cio. Re-trieved from
 []


Overfull \hbox (187.24722pt too wide) in paragraph at lines 310--311
\T1/pplx/m/n/10 (-20) http://openaccess.uoc.edu/webapps/o2/bitstream/10609/71345/2/Business 
 []


Underfull \hbox (badness 10000) in paragraph at lines 312--315
[]\T1/pplx/m/n/10 (+20) Business An-a-lyt-ics Prin-ci-
 []


Underfull \hbox (badness 6625) in paragraph at lines 312--315
\T1/pplx/m/n/10 (+20) ples, Con-cepts, and Ap-pli-ca-
 []


Underfull \hbox (badness 10000) in paragraph at lines 312--315
\T1/pplx/m/n/10 (+20) tions. (n.d.). Re-trieved from
 []


Overfull \hbox (242.0092pt too wide) in paragraph at lines 312--315
\T1/pplx/m/n/10 (-20) https://ptgmedia.pearsoncmg.com/images/9780133552188/samplepages/0133552187.pdf 
 []


Overfull \hbox (358.78857pt too wide) in paragraph at lines 316--319
\T1/pplx/m/n/10 (-20) https://www.researchgate.net/publication/318966560BusinessAnalytics/link/6226d5b184ce8e5b4d0f6f18/download 
 []


Underfull \hbox (badness 10000) in paragraph at lines 320--325
\T1/pplx/m/n/10 (+20) ROSAS. Re-trieved from
 []


Overfull \hbox (122.54028pt too wide) in paragraph at lines 320--325
\T1/pplx/m/n/10 (-20) https://basesdatoscms.files.wordpress.com/2012/10/resumen-
 []


Underfull \hbox (badness 2158) in paragraph at lines 326--329
[]\T1/pplx/m/n/10 (+20) Cano, J. (n.d.). BUSI-NESS IN-
 []


Underfull \hbox (badness 1348) in paragraph at lines 326--329
\T1/pplx/m/n/10 (+20) IN-FOR-MA-CIÓN BUSI-NESS IN-
 []


Overfull \hbox (99.85176pt too wide) in paragraph at lines 326--329
\T1/pplx/m/n/10 (-20) https://itemsweb.esade.edu/biblioteca/archivo/Business
 []


Underfull \hbox (badness 10000) in paragraph at lines 330--333
\T1/pplx/m/n/10 (+20) In-tro-duc-ción a la busi-ness
 []


Underfull \hbox (badness 10000) in paragraph at lines 330--333
\T1/pplx/m/n/10 (+20) in-tel-li-gence. Re-trieved from
 []


Overfull \hbox (214.23637pt too wide) in paragraph at lines 330--333
\T1/pplx/m/n/10 (-20) http://openaccess.uoc.edu/webapps/o2/bitstream/10609/136207/2/Fundamentos 
 []


Underfull \hbox (badness 1708) in paragraph at lines 334--337
\T1/pplx/m/n/10 (+20) ANÁLI-SIS DE LOS SIS-TEMAS
 []


Underfull \hbox (badness 10000) in paragraph at lines 334--337
\T1/pplx/m/n/10 (+20) BUSI-NESS IN-TEL-LI-GENCE
 []


Underfull \hbox (badness 10000) in paragraph at lines 334--337
\T1/pplx/m/n/10 (+20) Y SU APLI-CACIÓN PRÁC-
 []


Underfull \hbox (badness 10000) in paragraph at lines 334--337
\T1/pplx/m/n/10 (+20) TICA EN LOS PROYEC-TOS
 []


Underfull \hbox (badness 10000) in paragraph at lines 334--337
\T1/pplx/m/n/10 (+20) SOFT-WARE PROYECTO FIN
 []


Underfull \hbox (badness 1515) in paragraph at lines 334--337
\T1/pplx/m/n/10 (+20) DE CAR-RERA. Re-trieved from
 []


Overfull \hbox (60.64413pt too wide) in paragraph at lines 334--337
\T1/pplx/m/n/10 (-20) https://core.ac.uk/download/pdf/30043605.pdf 
 []


Underfull \hbox (badness 10000) in paragraph at lines 338--341
[]\T1/pplx/m/n/10 (+20) SINNEXUS (s.f.) Que
 []


Underfull \hbox (badness 10000) in paragraph at lines 338--341
\T1/pplx/m/n/10 (+20) es Busi-ness In-tel-li-gence
 []


Overfull \hbox (108.7111pt too wide) in paragraph at lines 338--341
\T1/pplx/m/n/10 (-20) http://sgpwe.izt.uam.mx/files/users/uami/sppc/Business
 []

[7pdfTeX warning (ext4): destination with the same identifier (name{cite.-}) has been already used, duplicate ignored
<argument> ...shipout:D \box_use:N \l_shipout_box 
                                                  
l.341 	
       pdfTeX warning (ext4): destination with the same identifier (name{cite.-}) has been already used, duplicate ignored
<argument> ...shipout:D \box_use:N \l_shipout_box 
                                                  
l.341 	
       pdfTeX warning (ext4): destination with the same identifier (name{cite.-}) has been already used, duplicate ignored
<argument> ...shipout:D \box_use:N \l_shipout_box 
                                                  
l.341 	
       pdfTeX warning (ext4): destination with the same identifier (name{cite.-}) has been already used, duplicate ignored
<argument> ...shipout:D \box_use:N \l_shipout_box 
                                                  
l.341 	
       pdfTeX warning (ext4): destination with the same identifier (name{cite.-}) has been already used, duplicate ignored
<argument> ...shipout:D \box_use:N \l_shipout_box 
                                                  
l.341 	
       pdfTeX warning (ext4): destination with the same identifier (name{cite.-}) has been already used, duplicate ignored
<argument> ...shipout:D \box_use:N \l_shipout_box 
                                                  
l.341 	
       pdfTeX warning (ext4): destination with the same identifier (name{cite.-}) has been already used, duplicate ignored
<argument> ...shipout:D \box_use:N \l_shipout_box 
                                                  
l.341 	
       ]pdfTeX warning (ext4): destination with the same identifier (name{cite.-}) has been already used, duplicate ignored
<to be read again> 
                   \relax 
l.342   \bibitem  -
                    Medina, L., Plata, E.,  Humberto. (n.d.).
Underfull \hbox (badness 4492) in paragraph at lines 342--345
[]\T1/pplx/m/n/10 (+20) Medina, L., Plata, E., Hum-
 []


Underfull \hbox (badness 10000) in paragraph at lines 342--345
\T1/pplx/m/n/10 (+20) berto. (n.d.). Busi-ness In-tel-li-
 []


Underfull \hbox (badness 6063) in paragraph at lines 342--345
\T1/pplx/m/n/10 (+20) gence: la in-for-ma-ción como
 []


Overfull \hbox (197.84444pt too wide) in paragraph at lines 342--345
\T1/pplx/m/n/10 (-20) https://repositorioacademico.upc.edu.pe/bitstream/handle/10757/333779/112-
 []


Underfull \hbox (badness 10000) in paragraph at lines 342--345
\T1/pplx/m/n/10 (+20) 376-1-
 []

[8pdfTeX warning (ext4): destination with the same identifier (name{cite.-}) has been already used, duplicate ignored
<argument> ...shipout:D \box_use:N \l_shipout_box 
                                                  
l.350 \end{document}
                    

] (c:/Users\CarlosM\Desktop\Inteligencia de Negocios\I UNIDAD\Comparative_BI_VS_BA\build\Comparativa_BA_BI.aux)

LaTeX Warning: There were multiply-defined labels.

Package rerunfilecheck Info: File `Comparativa_BA_BI.out' has not changed.
(rerunfilecheck)             Checksum: E5C885B566FF4C1229803C183AE3B22C;3879.
 ) 
Here is how much of TeX's memory you used:
 13949 strings out of 479334
 216049 string characters out of 2866955
 568696 words of memory out of 3000000
 30887 multiletter control sequences out of 15000+200000
 449604 words of font info for 256 fonts, out of 3000000 for 9000
 1141 hyphenation exceptions out of 8191
 71i,13n,74p,1295b,473s stack positions out of 5000i,500n,10000p,200000b,50000s
{C:/Program Files/MiKTeX/fonts/enc/dvips/base/8r.enc}<C:/Program Files/MiKTeX/fonts/type1/public/amsfonts/cm/cmsy10.pfb><C:/Users/CarlosM/AppData/Roaming/MiKTeX/fonts/type1/public/fpl/fplrc8a.pfb><C:/Program Files/MiKTeX/fonts/type1/urw/palatino/uplb8a.pfb><C:/Program Files/MiKTeX/fonts/type1/urw/palatino/uplr8a.pfb>
Output written on "c:/Users\CarlosM\Desktop\Inteligencia de Negocios\I UNIDAD\Comparative_BI_VS_BA\build\Comparativa_BA_BI.pdf" (8 pages, 735257 bytes).
PDF statistics:
 165 PDF objects out of 1000 (max. 8388607)
 31 named destinations out of 1000 (max. 500000)
 60627 words of extra memory for PDF output out of 61914 (max. 10000000)

